<?xml version="1.0" encoding="UTF-8"?>
<!-- Generated by org.testng.reporters.JUnitReportReporter -->
<testsuite hostname="DESKTOP-2TT3KTR" failures="0" tests="1" name="my_progect1.MyFirestTestCase" time="0.007" errors="0" timestamp="2023-10-23T09:44:31 EET" skipped="0">
  <testcase classname="my_progect1.MyFirestTestCase" name="MyFierstTest" time="0.007"/>
  <system-out/>
</testsuite> <!-- my_progect1.MyFirestTestCase -->
